<?xml version="1.0" encoding="UTF-8"?>
<!-- Generated by org.testng.reporters.JUnitReportReporter -->
<testsuite hostname="Squirrel-Helper" name="com.example.tests.CopyOfGroupCreationTests" tests="2" failures="0" timestamp="21 May 2014 19:48:59 GMT" time="1.328" errors="0">
  <testcase name="testNonEmptyGroupCreation" time="0.675" classname="com.example.tests.CopyOfGroupCreationTests"/>
  <testcase name="testEmptyGroupCreation" time="0.653" classname="com.example.tests.CopyOfGroupCreationTests"/>
</testsuite> <!-- com.example.tests.CopyOfGroupCreationTests -->
