<?xml version="1.0" encoding="UTF-8"?>
<!-- Generated by org.testng.reporters.JUnitReportReporter -->
<testsuite hostname="Squirrel-Helper" name="com.example.tests.ContactCreationTests" tests="1" failures="0" timestamp="11 Jun 2014 18:49:17 GMT" time="2.477" errors="0">
  <testcase name="testNonEmptyContactCreation" time="2.477" classname="com.example.tests.ContactCreationTests"/>
</testsuite> <!-- com.example.tests.ContactCreationTests -->
