<?xml version="1.0" encoding="UTF-8"?>
<!-- Generated by org.testng.reporters.JUnitReportReporter -->
<testsuite hostname="Squirrel-Helper" name="com.example.tests.ContactRemovalTests" tests="1" failures="0" timestamp="11 Jun 2014 18:48:35 GMT" time="1.505" errors="0">
  <testcase name="deleteSomeContact" time="1.505" classname="com.example.tests.ContactRemovalTests"/>
</testsuite> <!-- com.example.tests.ContactRemovalTests -->
