<?xml version="1.0" encoding="UTF-8"?>
<!-- Generated by org.testng.reporters.JUnitReportReporter -->
<testsuite hostname="Squirrel-Helper" name="com.example.tests.ContactModificationTests" tests="1" failures="0" timestamp="11 Jun 2014 18:48:59 GMT" time="1.584" errors="0">
  <testcase name="modifySomeContact" time="1.584" classname="com.example.tests.ContactModificationTests"/>
</testsuite> <!-- com.example.tests.ContactModificationTests -->
