<?xml version="1.0" encoding="UTF-8"?>
<!-- Generated by org.testng.reporters.JUnitReportReporter -->
<testsuite hostname="Squirrel-Helper" name="com.example.tests.GroupCreationTests" tests="2" failures="0" timestamp="22 May 2014 22:02:07 GMT" time="1.352" errors="0">
  <testcase name="testNonEmptyGroupCreation" time="0.682" classname="com.example.tests.GroupCreationTests"/>
  <testcase name="testEmptyGroupCreation" time="0.670" classname="com.example.tests.GroupCreationTests"/>
</testsuite> <!-- com.example.tests.GroupCreationTests -->
