<?xml version="1.0" encoding="UTF-8"?>
<!-- Generated by org.testng.reporters.JUnitReportReporter -->
<testsuite hostname="Squirrel-Helper" name="com.example.tests.ContactCreationTests" tests="2" failures="0" timestamp="23 May 2014 19:09:33 GMT" time="2.722" errors="0">
  <testcase name="testNonEmptyContactCreation" time="1.553" classname="com.example.tests.ContactCreationTests"/>
  <testcase name="testEmptyContactCreation" time="1.169" classname="com.example.tests.ContactCreationTests"/>
</testsuite> <!-- com.example.tests.ContactCreationTests -->
