<?xml version="1.0" encoding="UTF-8"?>
<!-- Generated by org.testng.reporters.JUnitReportReporter -->
<testsuite hostname="Squirrel-Helper" name="com.example.tests.ContactCreationTests" tests="1" failures="0" timestamp="7 Jun 2014 12:43:44 GMT" time="32.011" errors="0">
  <testcase name="testNonEmptyContactCreation" time="32.011" classname="com.example.tests.ContactCreationTests"/>
</testsuite> <!-- com.example.tests.ContactCreationTests -->
