<?xml version="1.0" encoding="UTF-8"?>
<!-- Generated by org.testng.reporters.JUnitReportReporter -->
<testsuite hostname="Squirrel-Helper" name="com.example.tests.ContactCreationTests" tests="1" failures="0" timestamp="10 Jun 2014 19:14:24 GMT" time="2.531" errors="0">
  <testcase name="testNonEmptyContactCreation" time="2.531" classname="com.example.tests.ContactCreationTests"/>
</testsuite> <!-- com.example.tests.ContactCreationTests -->
