<?xml version="1.0" encoding="UTF-8"?>
<!-- Generated by org.testng.reporters.JUnitReportReporter -->
<testsuite hostname="Squirrel-Helper" name="com.example.tests.GroupCreationTests" tests="2" failures="0" timestamp="1 Jun 2014 10:44:42 GMT" time="2.050" errors="0">
  <testcase name="testEmptyGroupCreation" time="1.102" classname="com.example.tests.GroupCreationTests"/>
  <testcase name="testNonEmptyGroupCreation" time="0.948" classname="com.example.tests.GroupCreationTests"/>
</testsuite> <!-- com.example.tests.GroupCreationTests -->
