<?xml version="1.0" encoding="UTF-8"?>
<!-- Generated by org.testng.reporters.JUnitReportReporter -->
<testsuite hostname="Squirrel-Helper" name="com.example.tests.GroupCreationTests" tests="2" failures="0" timestamp="25 May 2014 11:27:03 GMT" time="1.710" errors="0">
  <testcase name="testEmptyGroupCreation" time="0.965" classname="com.example.tests.GroupCreationTests"/>
  <testcase name="testNonEmptyGroupCreation" time="0.745" classname="com.example.tests.GroupCreationTests"/>
</testsuite> <!-- com.example.tests.GroupCreationTests -->
