<?xml version="1.0" encoding="UTF-8"?>
<!-- Generated by org.testng.reporters.JUnitReportReporter -->
<testsuite hostname="Squirrel-Helper" name="com.example.tests.CopyOfGroupCreationTests" tests="2" failures="0" timestamp="22 May 2014 22:11:27 GMT" time="1.383" errors="0">
  <testcase name="testEmptyGroupCreation" time="0.664" classname="com.example.tests.CopyOfGroupCreationTests"/>
  <testcase name="testNonEmptyGroupCreation" time="0.719" classname="com.example.tests.CopyOfGroupCreationTests"/>
</testsuite> <!-- com.example.tests.CopyOfGroupCreationTests -->
